TN:
SF:/afs/cats.ucsc.edu/users/v/jktemple/cse-111/Asgn4/src/radix.cc
FN:16,_Z15sortIntoBucketsRSt6vectorIjSaIjEE
FNDA:3,_Z15sortIntoBucketsRSt6vectorIjSaIjEE
FN:33,_ZNK10._anon_132clEjj
FNDA:1228,_ZNK10._anon_132clEjj
FN:39,_Z7sortVecRSt6vectorIjSaIjEE
FNDA:300,_Z7sortVecRSt6vectorIjSaIjEE
FN:44,_Z13bucketsToListSt6vectorIS_IS_IjSaIjEESaIS1_EESaIS3_EE
FNDA:3,_Z13bucketsToListSt6vectorIS_IS_IjSaIjEESaIS1_EESaIS3_EE
FN:57,_ZN17ParallelRadixSort3msdERSt6vectorISt17reference_wrapperIS0_IjSaIjEEESaIS4_EEj
FNDA:2,_ZN17ParallelRadixSort3msdERSt6vectorISt17reference_wrapperIS0_IjSaIjEEESaIS4_EEj
DA:16,3
DA:17,6
DA:18,643
BRDA:18,0,0,640
BRDA:18,0,1,3
DA:19,640
DA:20,640
DA:21,6141
BRDA:21,0,0,5501
BRDA:21,0,1,640
DA:22,5501
DA:23,5501
DA:26,640
DA:28,3
DA:33,1228
DA:34,2456
DA:35,2456
DA:36,1228
DA:39,300
DA:40,300
DA:42,300
DA:44,3
DA:45,3
DA:46,33
BRDA:46,0,0,30
BRDA:46,0,1,3
DA:47,330
BRDA:47,0,0,300
BRDA:47,0,1,30
DA:48,940
BRDA:48,0,0,640
BRDA:48,0,1,300
DA:50,640
DA:54,3
DA:57,2
DA:58,5
BRDA:58,0,0,3
BRDA:58,0,1,2
DA:59,6
DA:61,6
DA:64,3
DA:65,203
BRDA:65,0,0,200
BRDA:65,0,1,3
DA:66,500
BRDA:66,0,0,300
BRDA:66,0,1,200
BRDA:66,0,2,300
BRDA:66,0,3,0
DA:68,300
DA:69,300
DA:72,500
BRDA:72,0,0,300
BRDA:72,0,1,200
DA:74,300
DA:76,200
DA:82,3
DA:83,3
DA:84,3
DA:86,2
end_of_record
